  BSTree.cpp
C:\Users\ZU420\source\repos\122real\projects\sdlBase\sdlBase\BSTree.cpp(122,17): warning C4244: '=': conversion from 'int' to 'float', possible loss of data
C:\Users\ZU420\source\repos\122real\projects\sdlBase\sdlBase\BSTree.cpp(127,13): warning C4244: 'return': conversion from 'float' to 'int', possible loss of data
C:\Users\ZU420\source\repos\122real\projects\sdlBase\sdlBase\BSTree.cpp(132,17): warning C4244: '=': conversion from 'int' to 'float', possible loss of data
C:\Users\ZU420\source\repos\122real\projects\sdlBase\sdlBase\BSTree.cpp(137,13): warning C4244: 'return': conversion from 'float' to 'int', possible loss of data
C:\Users\ZU420\source\repos\122real\projects\sdlBase\sdlBase\BSTree.cpp(150,34): warning C4838: conversion from 'float' to 'int' requires a narrowing conversion
C:\Users\ZU420\source\repos\122real\projects\sdlBase\sdlBase\BSTree.cpp(150,34): warning C4244: 'initializing': conversion from 'float' to 'int', possible loss of data
C:\Users\ZU420\source\repos\122real\projects\sdlBase\sdlBase\BSTree.cpp(151,32): warning C4838: conversion from 'float' to 'int' requires a narrowing conversion
C:\Users\ZU420\source\repos\122real\projects\sdlBase\sdlBase\BSTree.cpp(151,32): warning C4244: 'initializing': conversion from 'float' to 'int', possible loss of data
C:\Users\ZU420\source\repos\122real\projects\sdlBase\sdlBase\BSTree.cpp(151,63): warning C4838: conversion from 'float' to 'int' requires a narrowing conversion
C:\Users\ZU420\source\repos\122real\projects\sdlBase\sdlBase\BSTree.cpp(151,63): warning C4244: 'initializing': conversion from 'float' to 'int', possible loss of data
C:\Users\ZU420\source\repos\122real\projects\sdlBase\sdlBase\BSTree.cpp(152,32): warning C4838: conversion from 'float' to 'int' requires a narrowing conversion
C:\Users\ZU420\source\repos\122real\projects\sdlBase\sdlBase\BSTree.cpp(152,32): warning C4244: 'initializing': conversion from 'float' to 'int', possible loss of data
C:\Users\ZU420\source\repos\122real\projects\sdlBase\sdlBase\BSTree.cpp(152,73): warning C4838: conversion from 'float' to 'int' requires a narrowing conversion
C:\Users\ZU420\source\repos\122real\projects\sdlBase\sdlBase\BSTree.cpp(152,73): warning C4244: 'initializing': conversion from 'float' to 'int', possible loss of data
C:\Users\ZU420\source\repos\122real\projects\sdlBase\sdlBase\BSTree.cpp(154,104): warning C4244: 'argument': conversion from 'float' to 'int', possible loss of data
C:\Users\ZU420\source\repos\122real\projects\sdlBase\sdlBase\BSTree.cpp(160,22): warning C4244: 'argument': conversion from 'int' to 'float', possible loss of data
C:\Users\ZU420\source\repos\122real\projects\sdlBase\sdlBase\BSTree.cpp(161,22): warning C4244: 'argument': conversion from 'int' to 'float', possible loss of data
C:\Users\ZU420\source\repos\122real\projects\sdlBase\sdlBase\BSTree.cpp(165,39): warning C4838: conversion from 'float' to 'int' requires a narrowing conversion
C:\Users\ZU420\source\repos\122real\projects\sdlBase\sdlBase\BSTree.cpp(165,39): warning C4244: 'initializing': conversion from 'float' to 'int', possible loss of data
C:\Users\ZU420\source\repos\122real\projects\sdlBase\sdlBase\BSTree.cpp(165,54): warning C4838: conversion from 'float' to 'int' requires a narrowing conversion
C:\Users\ZU420\source\repos\122real\projects\sdlBase\sdlBase\BSTree.cpp(165,54): warning C4244: 'initializing': conversion from 'float' to 'int', possible loss of data
C:\Users\ZU420\source\repos\122real\projects\sdlBase\sdlBase\BSTree.cpp(166,53): warning C4838: conversion from 'float' to 'int' requires a narrowing conversion
C:\Users\ZU420\source\repos\122real\projects\sdlBase\sdlBase\BSTree.cpp(166,53): warning C4244: 'initializing': conversion from 'float' to 'int', possible loss of data
C:\Users\ZU420\source\repos\122real\projects\sdlBase\sdlBase\BSTree.cpp(166,91): warning C4838: conversion from 'float' to 'int' requires a narrowing conversion
C:\Users\ZU420\source\repos\122real\projects\sdlBase\sdlBase\BSTree.cpp(166,91): warning C4244: 'initializing': conversion from 'float' to 'int', possible loss of data
  sdlBase.vcxproj -> C:\Users\ZU420\source\repos\122real\projects\sdlBase\x64\Debug\sdlBase.exe
